<?xml version="1.0" encoding="UTF-8"?>
<Site BuildName="(empty)"
	BuildStamp="20241003-1931-Experimental"
	Name="sami"
	Generator="ctest-3.30.3"
	CompilerName="/usr/bin/c++"
	CompilerVersion="9.4.0"
	OSName="Linux"
	Hostname="sami"
	OSRelease="5.15.0-122-generic"
	OSVersion="#132~20.04.1-Ubuntu SMP Fri Aug 30 15:50:07 UTC 2024"
	OSPlatform="x86_64"
	Is64Bits="1"
	VendorString="GenuineIntel"
	VendorID="Intel Corporation"
	FamilyID="6"
	ModelID="42"
	ProcessorCacheSize="3072"
	NumberOfLogicalCPU="4"
	NumberOfPhysicalCPU="2"
	TotalVirtualMemory="2047"
	TotalPhysicalMemory="3892"
	LogicalProcessorsPerPhysical="2"
	ProcessorClockFrequency="2693.75"
	>
	<Testing>
		<StartDateTime>Oct 04 01:01 +03</StartDateTime>
		<StartTestTime>1727992901</StartTestTime>
		<TestList/>
		<EndDateTime>Oct 04 01:01 +03</EndDateTime>
		<EndTestTime>1727992901</EndTestTime>
		<ElapsedMinutes>0</ElapsedMinutes>
	</Testing>
</Site>
