<?xml version="1.0" encoding="UTF-8"?>
<Site BuildName="(empty)"
	BuildStamp="20240923-2127-Experimental"
	Name="sami"
	Generator="ctest-3.30.3"
	CompilerName="/usr/bin/c++"
	CompilerVersion="9.4.0"
	OSName="Linux"
	Hostname="sami"
	OSRelease="5.15.0-119-generic"
	OSVersion="#129~20.04.1-Ubuntu SMP Wed Aug 7 13:07:13 UTC 2024"
	OSPlatform="x86_64"
	Is64Bits="1"
	VendorString="GenuineIntel"
	VendorID="Intel Corporation"
	FamilyID="6"
	ModelID="42"
	ProcessorCacheSize="3072"
	NumberOfLogicalCPU="4"
	NumberOfPhysicalCPU="2"
	TotalVirtualMemory="2047"
	TotalPhysicalMemory="3892"
	LogicalProcessorsPerPhysical="2"
	ProcessorClockFrequency="1880.36"
	>
	<Testing>
		<StartDateTime>Sep 24 01:09 +03</StartDateTime>
		<StartTestTime>1727129356</StartTestTime>
		<TestList/>
		<EndDateTime>Sep 24 01:09 +03</EndDateTime>
		<EndTestTime>1727129356</EndTestTime>
		<ElapsedMinutes>0</ElapsedMinutes>
	</Testing>
</Site>
